This is pdfTeX, Version 3.141592-1.40.3 (Web2C 7.5.6) (format=latex 2009.1.27)  27 JAN 2009 21:07
entering extended mode
**report
(./report.tex
LaTeX2e <2005/12/01>
Babel <v3.8h> and hyphenation patterns for english, usenglishmax, dumylang, noh
yphenation, basque, bulgarian, coptic, welsh, czech, slovak, german, ngerman, d
anish, esperanto, spanish, catalan, galician, estonian, finnish, french, greek,
 monogreek, ancientgreek, croatian, hungarian, interlingua, ibycus, indonesian,
 icelandic, italian, latin, mongolian, dutch, norsk, polish, portuguese, romani
an, russian, slovenian, uppersorbian, serbian, swedish, turkish, ukenglish, ukr
ainian, loaded.
(/usr/share/texmf/tex/latex/base/report.cls
Document Class: report 2005/09/16 v1.4f Standard LaTeX document class
(/usr/share/texmf/tex/latex/base/size10.clo
File: size10.clo 2005/09/16 v1.4f Standard LaTeX file (size option)
)
\c@part=\count79
\c@chapter=\count80
\c@section=\count81
\c@subsection=\count82
\c@subsubsection=\count83
\c@paragraph=\count84
\c@subparagraph=\count85
\c@figure=\count86
\c@table=\count87
\abovecaptionskip=\skip41
\belowcaptionskip=\skip42
\bibindent=\dimen102
)
(/usr/share/texmf/tex/latex/graphics/epsfig.sty
Package: epsfig 1999/02/16 v1.7a (e)psfig emulation (SPQR)

(/usr/share/texmf/tex/latex/graphics/graphicx.sty
Package: graphicx 1999/02/16 v1.0f Enhanced LaTeX Graphics (DPC,SPQR)

(/usr/share/texmf/tex/latex/graphics/keyval.sty
Package: keyval 1999/03/16 v1.13 key=value parser (DPC)
\KV@toks@=\toks14
)
(/usr/share/texmf/tex/latex/graphics/graphics.sty
Package: graphics 2006/02/20 v1.0o Standard LaTeX Graphics (DPC,SPQR)

(/usr/share/texmf/tex/latex/graphics/trig.sty
Package: trig 1999/03/16 v1.09 sin cos tan (DPC)
)
(/usr/share/texmf/tex/latex/config/graphics.cfg
File: graphics.cfg 2007/01/18 v1.5 graphics configuration of teTeX/TeXLive
)
Package graphics Info: Driver file: dvips.def on input line 90.

(/usr/share/texmf/tex/latex/graphics/dvips.def
File: dvips.def 1999/02/16 v3.0i Driver-dependant file (DPC,SPQR)
))
\Gin@req@height=\dimen103
\Gin@req@width=\dimen104
)
\epsfxsize=\dimen105
\epsfysize=\dimen106
)
\leftbox=\skip43
\rightbox=\skip44
 (./report.aux)
\openout1 = `report.aux'.

LaTeX Font Info:    Checking defaults for OML/cmm/m/it on input line 22.
LaTeX Font Info:    ... okay on input line 22.
LaTeX Font Info:    Checking defaults for T1/cmr/m/n on input line 22.
LaTeX Font Info:    ... okay on input line 22.
LaTeX Font Info:    Checking defaults for OT1/cmr/m/n on input line 22.
LaTeX Font Info:    ... okay on input line 22.
LaTeX Font Info:    Checking defaults for OMS/cmsy/m/n on input line 22.
LaTeX Font Info:    ... okay on input line 22.
LaTeX Font Info:    Checking defaults for OMX/cmex/m/n on input line 22.
LaTeX Font Info:    ... okay on input line 22.
LaTeX Font Info:    Checking defaults for U/cmr/m/n on input line 22.
LaTeX Font Info:    ... okay on input line 22.
 (./defs.tex)
LaTeX Font Info:    External font `cmex10' loaded for size
(Font)              <12> on input line 26.
LaTeX Font Info:    External font `cmex10' loaded for size
(Font)              <8> on input line 26.
LaTeX Font Info:    External font `cmex10' loaded for size
(Font)              <6> on input line 26.

[1

] (./report.toc
LaTeX Font Info:    External font `cmex10' loaded for size
(Font)              <7> on input line 2.
LaTeX Font Info:    External font `cmex10' loaded for size
(Font)              <5> on input line 2.
 [1

] [2] [3] [4])
\tf@toc=\write3
\openout3 = `report.toc'.

 (./intro.tex [5]
Chapter 1.
LaTeX Font Info:    Try loading font information for OMS+cmr on input line 7.
(/usr/share/texmf/tex/latex/base/omscmr.fd
File: omscmr.fd 1999/05/25 v2.5h Standard LaTeX font definitions
)
LaTeX Font Info:    Font shape `OMS/cmr/m/n' in size <10> not available
(Font)              Font shape `OMS/cmsy/m/n' tried instead on input line 7.
 [6

] [7]) (./common.tex [8]
Chapter 2.
[9

] [10] [11] [12] [13] [14] [15]) (./linalg.tex [16]
Chapter 3.
(./fixed.tex [17

] [18] [19] [20] [21] [22] [23]
LaTeX Font Info:    Try loading font information for OMS+cmtt on input line 370
.
LaTeX Font Info:    No file OMScmtt.fd. on input line 370.


LaTeX Font Warning: Font shape `OMS/cmtt/m/n' undefined
(Font)              using `OMS/cmsy/m/n' instead
(Font)              for symbol `textbraceleft' on input line 370.

[24] [25] [26] [27] [28] [29] [30] [31] [32] [33] [34] [35]
Overfull \hbox (0.82243pt too wide) in paragraph at lines 1108--1108
[]      \OT1/cmtt/m/n/10 sm44Sb = gan_symmat33_lrmultm34T_s ( &sm33Sa, &m34A );
 /* Sb = A^T*Sa*A, function call */[] 
 []

[36] [37] [38] [39] [40] [41]) (./general.tex [42] [43] [44] [45] [46] [47]
[48] [49] [50] [51] [52] [53] [54]
Overfull \hbox (5.73297pt too wide) in paragraph at lines 827--837
[]\OT1/cmr/bx/n/10 Error de-tec-tion: \OT1/cmtt/m/n/10 gan[]\OMS/cmtt/m/n/10 f\
OT1/cmtt/m/n/10 squ\OMS/cmtt/m/n/10 g\OT1/cmtt/m/n/10 mat[]set[]el()\OT1/cmr/m/
n/10 , \OT1/cmtt/m/n/10 gan[]\OMS/cmtt/m/n/10 f\OT1/cmtt/m/n/10 squ\OMS/cmtt/m/
n/10 g\OT1/cmtt/m/n/10 mat[]inc[]el() \OT1/cmr/m/n/10 and \OT1/cmtt/m/n/10 gan[
]\OMS/cmtt/m/n/10 f\OT1/cmtt/m/n/10 squ\OMS/cmtt/m/n/10 g\OT1/cmtt/m/n/10 mat[]
dec[]el() \OT1/cmr/m/n/10 all re-turn boolean
 []

[55] [56] [57] [58] [59] [60] [61] [62] [63] [64] [65] [66] [67] [68]))
(./image.tex [69]
Chapter 4.
[70

] [71] [72] [73] [74] [75] [76] [77] [78]
Overfull \hbox (6.07239pt too wide) in paragraph at lines 576--576
[]       \OT1/cmtt/m/n/10 * \brief Structure defining RGB single precision floa
ting point pixel with alpha channel.[] 
 []

[79] [80] [81] [82] [83] [84] [85] [86] [87] [88] [89] [90] [91] [92] [93])
(./vision.tex [94]
Chapter 5.
[95

] [96]
Overfull \hbox (73.54501pt too wide) in paragraph at lines 139--142
\OT1/cmr/m/n/10 The sin-gle pre-ci-sion ver-sion \OT1/cmtt/m/n/10 Gan[]Camera[]
f \OT1/cmr/m/n/10 is de-fined sim-i-larly. The cam-era mod-els are de-fined in 
\OT1/cmtt/m/n/10 <gandalf/vision/camera[]defs.h>\OT1/cmr/m/n/10 ,
 []

[97]
File: camera.ps Graphic file (type eps)
 <camera.ps> [98]
File: project.ps Graphic file (type eps)
 <project.ps> [99]
Overfull \hbox (12.70067pt too wide) in paragraph at lines 256--270
\OT1/cmr/m/n/10 Here $\OML/cmm/m/it/10 d$ \OT1/cmr/m/n/10 rep-re-sents the non-
linear dis-tor-tion. The cam-era mod-els \OT1/cmtt/m/n/10 GAN[]RADIAL[]DISTORTI
ON[]1\OT1/cmr/m/n/10 , \OT1/cmtt/m/n/10 GAN[]RADIAL[]DISTORTION[]2
 []

[100] [101] [102] [103] [104] [105] [106]
Overfull \hbox (2.69576pt too wide) in paragraph at lines 708--722
\OT1/cmr/m/n/10 ters are known, the dis-tor-tion can be re-moved first by ap-pl
y-ing the func-tion \OT1/cmtt/m/n/10 gan[]camera[]remove[]distortion[][qi]()
 []

[107] [108] [109] [110] [111] [112] [113] [114] [115] [116]
File: local.ps Graphic file (type eps)
 <local.ps> [117]
[118] [119] [120] [121] [122] [123] [124] [125] [126] [127] [128] [129]
[130] [131] [132] [133] [134] [135] [136]
File: gauss_mix.ps Graphic file (type eps)
 <gauss_mix.ps> [137] [138] [139]
[140] [141] [142] [143] [144]
File: hyper.ps Graphic file (type eps)
 <hyper.ps> [145] [146] [147] [148] [149]
Overfull \hbox (5.89055pt too wide) in paragraph at lines 3540--3544
[]\OT1/cmr/m/n/10 Three ar-rays $\OT1/cmr/bx/n/10 r[]$\OT1/cmr/m/n/10 , $\OT1/c
mr/bx/n/10 r[]$ \OT1/cmr/m/n/10 and $\OT1/cmr/bx/n/10 r[]$\OT1/cmr/m/n/10 , eac
h of three el-e-ments with in-dices -1, 0 and 1, so that $\OT1/cmr/bx/n/10 r[] 
\OT1/cmr/m/n/10 = [\OML/cmm/m/it/10 r[]\OT1/cmr/m/n/10 (\OMS/cmtt/m/n/10 ^^@\OT
1/cmr/m/n/10 1)\OML/cmm/m/it/10 ; r[]\OT1/cmr/m/n/10 (0)\OML/cmm/m/it/10 ; r[]\
OT1/cmr/m/n/10 (1)]$
 []

[150]
File: intersect.ps Graphic file (type eps)
 <intersect.ps>
File: subdiv4.ps Graphic file (type eps)
 <subdiv4.ps> [151] [152] [153] [154] [155] [156])
(./testing.tex [157]
Chapter 6.

Overfull \hbox (31.23624pt too wide) in paragraph at lines 41--50
\OT1/cmr/m/n/10 cord-ing to Ex-treme Pro-gram-ming prin-ci-ples). The first thi
ng is to copy an-other test pro-gram, say \OT1/cmtt/m/n/10 common/list[]test.[c
h]\OT1/cmr/m/n/10 .
 []

[158

] [159] [160]
Overfull \hbox (7.73367pt too wide) in paragraph at lines 196--200
[]\OT1/cmr/m/n/10 The next stage is to add a rule in the pack-age \OT1/cmtt/m/n
/10 Makefile.in \OT1/cmr/m/n/10 pro-gram to make your test pro-gram. Add \OT1/c
mtt/m/n/10 histogram-test
 []


Overfull \hbox (3.28793pt too wide) in paragraph at lines 196--200
\OT1/cmr/m/n/10 as a tar-get to the \OT1/cmtt/m/n/10 all: \OT1/cmr/m/n/10 line 
in \OT1/cmtt/m/n/10 statistics/Makefile.in\OT1/cmr/m/n/10 . Then add the fol-lo
w-ing lines to \OT1/cmtt/m/n/10 statistics/Makefile.in\OT1/cmr/m/n/10 : 
 []


Overfull \hbox (331.56955pt too wide) in paragraph at lines 203--203
[]              \OT1/cmtt/m/n/10 $(LIBTOOL) $(CC) -I$(TOPLEVEL)/.. $(CFLAGS) -D
HISTOGRAM_TEST_MAIN histogram_test.c $(PATH_BUILDER_C) -o histogram_test $(LDFL
AGS) $(LIB) $(LIBS)[] 
 []


Overfull \hbox (87.19165pt too wide) in paragraph at lines 228--231
[]\OT1/cmr/m/n/10 The next stage is to in-cor-po-rate the test into the main Ga
n-dalf test har-ness. To do this, first edit \OT1/cmtt/m/n/10 gandalf/TestFrame
work/Makefile.in
 []

[161]) (./report.bbl [162]) [163

] (./report.aux)

LaTeX Font Warning: Some font shapes were not available, defaults substituted.

 ) 
Here is how much of TeX's memory you used:
 1047 strings out of 94087
 10553 string characters out of 1167529
 62144 words of memory out of 3500000
 4320 multiletter control sequences out of 10000+50000
 14271 words of font info for 49 fonts, out of 1200000 for 2000
 645 hyphenation exceptions out of 8191
 32i,10n,21p,511b,298s stack positions out of 5000i,500n,6000p,200000b,5000s

Output written on report.dvi (164 pages, 559124 bytes).
